Построение начато 04.01.2019 11:06:42.
     1>Проект "D:\dev\c++\course_2\Lab_512_clone\Lab_512_clone.vcxproj" в узле 2 (целевые объекты build).
     1>InitializeBuildStatus:
         Создание "Debug\Lab_512_clone.unsuccessfulbuild", так как было задано "AlwaysCreate".
       ClCompile:
         D:\Programs\Microsoft Visual Studio\VC\bin\CL.exe /c /ZI /nologo /W3 /WX- /Od /Oy- /D _MBCS /Gm /EHsc /RTC1 /MDd /GS /fp:precise /Zc:wchar_t /Zc:forScope /Fo"Debug\\" /Fd"Debug\vc100.pdb" /Gd /TP /analyze- /errorReport:prompt main.cpp
         main.cpp
       Link:
         D:\Programs\Microsoft Visual Studio\VC\bin\link.exe /ERRORREPORT:PROMPT /OUT:"D:\dev\c++\course_2\Debug\Lab_512_clone.exe" /NOLOGO kernel32.lib user32.lib gdi32.lib winspool.lib comdlg32.lib advapi32.lib shell32.lib ole32.lib oleaut32.lib uuid.lib odbc32.lib odbccp32.lib /MANIFEST /ManifestFile:"Debug\Lab_512_clone.exe.intermediate.manifest" /MANIFESTUAC:"level='asInvoker' uiAccess='false'" /DEBUG /PDB:"D:\dev\c++\course_2\Debug\Lab_512_clone.pdb" /TLBID:1 /DYNAMICBASE /NXCOMPAT /IMPLIB:"D:\dev\c++\course_2\Debug\Lab_512_clone.lib" /MACHINE:X86 Debug\Polynomial.obj
         Debug\main.obj
         LINK : не найден или не выполнена сборка D:\dev\c++\course_2\Debug\Lab_512_clone.exe при последней инкрементной компоновке; выполняется полная компоновка
         Lab_512_clone.vcxproj -> D:\dev\c++\course_2\Debug\Lab_512_clone.exe
       Manifest:
         C:\Program Files (x86)\Microsoft SDKs\Windows\v7.0A\bin\mt.exe /nologo /verbose /outputresource:"D:\dev\c++\course_2\Debug\Lab_512_clone.exe;#1" /manifest Debug\Lab_512_clone.exe.intermediate.manifest
       FinalizeBuildStatus:
         Файл "Debug\Lab_512_clone.unsuccessfulbuild" удаляется.
         Обращение к "Debug\Lab_512_clone.lastbuildstate".
     1>Построение проекта "D:\dev\c++\course_2\Lab_512_clone\Lab_512_clone.vcxproj" завершено (целевые объекты build).

Построение успешно завершено.

Затраченное время: 00:00:04.27
